0 info it worked if it ends with ok
1 verbose cli [ 'C:\\Program Files\\nodejs\\node.exe',
1 verbose cli   'C:\\Program Files\\nodejs\\node_modules\\npm\\bin\\npm-cli.js',
1 verbose cli   'run-script',
1 verbose cli   'start-backend' ]
2 info using npm@3.8.3
3 info using node@v5.10.0
4 verbose run-script [ 'prestart-backend', 'start-backend', 'poststart-backend' ]
5 info lifecycle travelApp@0.0.1~prestart-backend: travelApp@0.0.1
6 silly lifecycle travelApp@0.0.1~prestart-backend: no script for prestart-backend, continuing
7 info lifecycle travelApp@0.0.1~start-backend: travelApp@0.0.1
8 verbose lifecycle travelApp@0.0.1~start-backend: unsafe-perm in lifecycle true
9 verbose lifecycle travelApp@0.0.1~start-backend: PATH: C:\Program Files\nodejs\node_modules\npm\bin\node-gyp-bin;D:\travelApp\node_modules\.bin;C:\Program Files\nodejs;C:\Program Files\NVIDIA Corporation\PhysX\Common;C:\Windows\system32;C:\Windows;C:\Windows\System32\Wbem;C:\Windows\System32\WindowsPowerShell\v1.0\;C:\Program Files\Intel\DMIX;C:\Program Files\nodejs\;C:\Program Files\Skype\Phone\;C:\Users\M045\AppData\Roaming\npm;C:\Users\M045\AppData\Local\Programs\Git\cmd
10 verbose lifecycle travelApp@0.0.1~start-backend: CWD: D:\travelApp
11 silly lifecycle travelApp@0.0.1~start-backend: Args: [ '/d /s /c', 'node server' ]
12 silly lifecycle travelApp@0.0.1~start-backend: Returned: code: 1  signal: null
13 info lifecycle travelApp@0.0.1~start-backend: Failed to exec start-backend script
14 verbose stack Error: travelApp@0.0.1 start-backend: `node server`
14 verbose stack Exit status 1
14 verbose stack     at EventEmitter.<anonymous> (C:\Program Files\nodejs\node_modules\npm\lib\utils\lifecycle.js:239:16)
14 verbose stack     at emitTwo (events.js:100:13)
14 verbose stack     at EventEmitter.emit (events.js:185:7)
14 verbose stack     at ChildProcess.<anonymous> (C:\Program Files\nodejs\node_modules\npm\lib\utils\spawn.js:24:14)
14 verbose stack     at emitTwo (events.js:100:13)
14 verbose stack     at ChildProcess.emit (events.js:185:7)
14 verbose stack     at maybeClose (internal/child_process.js:850:16)
14 verbose stack     at Process.ChildProcess._handle.onexit (internal/child_process.js:215:5)
15 verbose pkgid travelApp@0.0.1
16 verbose cwd D:\travelApp
17 error Windows_NT 6.1.7600
18 error argv "C:\\Program Files\\nodejs\\node.exe" "C:\\Program Files\\nodejs\\node_modules\\npm\\bin\\npm-cli.js" "run-script" "start-backend"
19 error node v5.10.0
20 error npm  v3.8.3
21 error code ELIFECYCLE
22 error travelApp@0.0.1 start-backend: `node server`
22 error Exit status 1
23 error Failed at the travelApp@0.0.1 start-backend script 'node server'.
23 error Make sure you have the latest version of node.js and npm installed.
23 error If you do, this is most likely a problem with the travelApp package,
23 error not with npm itself.
23 error Tell the author that this fails on your system:
23 error     node server
23 error You can get information on how to open an issue for this project with:
23 error     npm bugs travelApp
23 error Or if that isn't available, you can get their info via:
23 error     npm owner ls travelApp
23 error There is likely additional logging output above.
24 verbose exit [ 1, true ]
